<?xml version="1.0" encoding="UTF-8"?>
<testng-results ignored="0" total="1" passed="1" failed="0" skipped="0">
  <reporter-output>
  </reporter-output>
  <suite started-at="2024-08-11T17:37:56 IST" name="Default suite" finished-at="2024-08-11T17:38:08 IST" duration-ms="12348">
    <groups>
    </groups>
    <test started-at="2024-08-11T17:37:56 IST" name="Default test" finished-at="2024-08-11T17:38:08 IST" duration-ms="12348">
      <class name="integrationtesting.Exam_module">
        <test-method signature="examDetails()[pri:0, instance:integrationtesting.Exam_module@4116aac9]" started-at="2024-08-11T17:37:56 IST" name="examDetails" finished-at="2024-08-11T17:38:08 IST" duration-ms="12300" status="PASS">
          <reporter-output>
          </reporter-output>
        </test-method> <!-- examDetails -->
      </class> <!-- integrationtesting.Exam_module -->
    </test> <!-- Default test -->
  </suite> <!-- Default suite -->
</testng-results>
